0 silly argv {
0 silly argv   _: [ 'create' ],
0 silly argv   lernaVersion: '8.0.2',
0 silly argv   '$0': 'C:\\Program Files\\nodejs\\node_modules\\lerna\\dist\\cli.js',
0 silly argv   name: 'native'
0 silly argv }
1 notice cli v8.0.2
2 verbose packageConfigs Explicit "packages" configuration found in lerna.json. Resolving packages using the configured glob(s): ["packages/*"]
3 verbose rootPath D:\zmn\zmn-supply-chain-utils
4 info versioning independent
5 error Error: canceled
5 error     at Interface.<anonymous> (D:\zmn\zmn-supply-chain-utils\node_modules\read\lib\read.js:79:15)
5 error     at Interface.emit (node:events:513:28)
5 error     at [_ttyWrite] [as _ttyWrite] (node:internal/readline/interface:1130:18)
5 error     at ReadStream.onkeypress (node:internal/readline/interface:270:20)
5 error     at ReadStream.emit (node:events:513:28)
5 error     at emitKeys (node:internal/readline/utils:357:14)
5 error     at emitKeys.next (<anonymous>)
5 error     at ReadStream.onData (node:internal/readline/emitKeypressEvents:64:36)
5 error     at ReadStream.emit (node:events:513:28)
